Oct 24 17:06:18 itmil-ves sendEmail[11942]: DEBUG => Connecting to smtp.mail.me.com:587
Oct 24 17:06:19 itmil-ves sendEmail[11942]: DEBUG => My IP address is: 10.65.3.24
Oct 24 17:06:19 itmil-ves sendEmail[11942]: SUCCESS => Received: 	220 st43p00im-ztbu10063701.me.com 3.3.1 v.666
Oct 24 17:06:19 itmil-ves sendEmail[11942]: INFO => Sending: 	EHLO itmil-ves
Oct 24 17:06:19 itmil-ves sendEmail[11942]: SUCCESS => Received: 	250-st43p00im-ztbu10063701.me.com, 250-PIPELINING, 250-SIZE 28311552, 250-ETRN, 250-STARTTLS, 250-ENHANCEDSTATUSCODES, 250-8BITMIME, 250 DSN
Oct 24 17:06:19 itmil-ves sendEmail[11942]: INFO => Sending: 	STARTTLS
Oct 24 17:06:19 itmil-ves sendEmail[11942]: SUCCESS => Received: 	220 2.0.0 Ready to start TLS
Oct 24 17:06:20 itmil-ves sendEmail[11942]: DEBUG => TLS session initialized :)
Oct 24 17:06:20 itmil-ves sendEmail[11942]: INFO => Sending: 	EHLO itmil-ves
Oct 24 17:06:20 itmil-ves sendEmail[11942]: SUCCESS => Received: 	250-st43p00im-ztbu10063701.me.com, 250-PIPELINING, 250-SIZE 28311552, 250-ETRN, 250-AUTH LOGIN PLAIN ATOKEN, 250-ENHANCEDSTATUSCODES, 250-8BITMIME, 250 DSN
Oct 24 17:06:20 itmil-ves sendEmail[11942]: DEBUG => SMTP-AUTH: Using LOGIN authentication method
Oct 24 17:06:20 itmil-ves sendEmail[11942]: INFO => Sending: 	AUTH LOGIN
Oct 24 17:06:20 itmil-ves sendEmail[11942]: SUCCESS => Received: 	334 VXNlcm5hbWU6
Oct 24 17:06:20 itmil-ves sendEmail[11942]: INFO => Sending: 	ZXhwb3ZpbkBpY2xvdWQuY29t
Oct 24 17:06:20 itmil-ves sendEmail[11942]: SUCCESS => Received: 	334 UGFzc3dvcmQ6
Oct 24 17:06:20 itmil-ves sendEmail[11942]: INFO => Sending: 	eHd5eC1xanR1LXZ4eHAtZGhhZA==
Oct 24 17:06:20 itmil-ves sendEmail[11942]: SUCCESS => Received: 	235 2.7.0 Authentication successful (CKUSER)
Oct 24 17:06:20 itmil-ves sendEmail[11942]: DEBUG => User authentication was successful (Method: LOGIN)
Oct 24 17:06:20 itmil-ves sendEmail[11942]: INFO => Sending: 	MAIL FROM:<expovin@me.com>
Oct 24 17:06:20 itmil-ves sendEmail[11942]: SUCCESS => Received: 	250 2.1.0 Ok
Oct 24 17:06:20 itmil-ves sendEmail[11942]: INFO => Sending: 	RCPT TO:<ves@qlik.com>
Oct 24 17:06:20 itmil-ves sendEmail[11942]: SUCCESS => Received: 	250 2.1.5 Ok
Oct 24 17:06:20 itmil-ves sendEmail[11942]: INFO => Sending: 	RCPT TO:<expovin@gmail.com>
Oct 24 17:06:21 itmil-ves sendEmail[11942]: SUCCESS => Received: 	250 2.1.5 Ok
Oct 24 17:06:21 itmil-ves sendEmail[11942]: INFO => Sending: 	DATA
Oct 24 17:06:21 itmil-ves sendEmail[11942]: SUCCESS => Received: 	354 End data with <CR><LF>.<CR><LF>
Oct 24 17:06:21 itmil-ves sendEmail[11942]: INFO => Sending message body
Oct 24 17:06:21 itmil-ves sendEmail[11942]: Setting content-type: text/html
Oct 24 17:06:21 itmil-ves sendEmail[11942]: DEBUG => Sending the attachment [./lastExecution.log]
Oct 24 17:06:21 itmil-ves sendEmail[11942]: SUCCESS => Received: 	250 2.0.0 Ok: queued as E20309A0FC1
Oct 24 17:06:21 itmil-ves sendEmail[11942]: Email was sent successfully!  From: <expovin@me.com> To: <ves@qlik.com> <expovin@gmail.com> Subject: ["QSEoK Cluster has been destroyed"] Attachment(s): [lastExecution.log] Server: [smtp.mail.me.com:587]
